{"name": "Login valid user", "status": "broken", "statusDetails": {"message": "selenium.common.exceptions.NoSuchElementException: Message: no such element: Unable to locate element: {\"method\":\"css selector\",\"selector\":\"[id=\"'password_field'\"]\"}\n  (Session info: chrome=83.0.4103.116)\n\n", "trace": "  File \"c:\\users\\johnson_zhong\\pycharmprojects\\behavedemo\\venv\\lib\\site-packages\\behave\\model.py\", line 1329, in run\n    match.run(runner.context)\n  File \"c:\\users\\johnson_zhong\\pycharmprojects\\behavedemo\\venv\\lib\\site-packages\\behave\\matchers.py\", line 98, in run\n    self.func(context, *args, **kwargs)\n  File \"steps\\login.py\", line 17, in step_impl\n    login_page.login_user(user, password)\n  File \"C:\\Users\\Johnson_Zhong\\PycharmProjects\\behaveDemo\\pages\\LoginPage.py\", line 15, in login_user\n    self.input_text_element(self.PASSWORD, password)\n  File \"C:\\Users\\Johnson_Zhong\\PycharmProjects\\behaveDemo\\pages\\BasePage.py\", line 50, in input_text_element\n    text_element = self.find_element(locator)\n  File \"C:\\Users\\Johnson_Zhong\\PycharmProjects\\behaveDemo\\pages\\BasePage.py\", line 38, in find_element\n    return self.driver.find_element(*locator)\n  File \"c:\\users\\johnson_zhong\\pycharmprojects\\behavedemo\\venv\\lib\\site-packages\\selenium\\webdriver\\remote\\webdriver.py\", line 966, in find_element\n    'value': value})['value']\n  File \"c:\\users\\johnson_zhong\\pycharmprojects\\behavedemo\\venv\\lib\\site-packages\\selenium\\webdriver\\remote\\webdriver.py\", line 320, in execute\n    self.error_handler.check_response(response)\n  File \"c:\\users\\johnson_zhong\\pycharmprojects\\behavedemo\\venv\\lib\\site-packages\\selenium\\webdriver\\remote\\errorhandler.py\", line 242, in check_response\n    raise exception_class(message, screen, stacktrace)\n"}, "steps": [{"name": "Given I navigate to login page", "status": "passed", "start": 1594094883143, "stop": 1594094883641}, {"name": "Then I login with \"abc\" and \"abcabc\"", "status": "broken", "statusDetails": {"message": "selenium.common.exceptions.NoSuchElementException: Message: no such element: Unable to locate element: {\"method\":\"css selector\",\"selector\":\"[id=\"'password_field'\"]\"}\n  (Session info: chrome=83.0.4103.116)\n\n", "trace": "  File \"c:\\users\\johnson_zhong\\pycharmprojects\\behavedemo\\venv\\lib\\site-packages\\behave\\model.py\", line 1329, in run\n    match.run(runner.context)\n  File \"c:\\users\\johnson_zhong\\pycharmprojects\\behavedemo\\venv\\lib\\site-packages\\behave\\matchers.py\", line 98, in run\n    self.func(context, *args, **kwargs)\n  File \"steps\\login.py\", line 17, in step_impl\n    login_page.login_user(user, password)\n  File \"C:\\Users\\Johnson_Zhong\\PycharmProjects\\behaveDemo\\pages\\LoginPage.py\", line 15, in login_user\n    self.input_text_element(self.PASSWORD, password)\n  File \"C:\\Users\\Johnson_Zhong\\PycharmProjects\\behaveDemo\\pages\\BasePage.py\", line 50, in input_text_element\n    text_element = self.find_element(locator)\n  File \"C:\\Users\\Johnson_Zhong\\PycharmProjects\\behaveDemo\\pages\\BasePage.py\", line 38, in find_element\n    return self.driver.find_element(*locator)\n  File \"c:\\users\\johnson_zhong\\pycharmprojects\\behavedemo\\venv\\lib\\site-packages\\selenium\\webdriver\\remote\\webdriver.py\", line 966, in find_element\n    'value': value})['value']\n  File \"c:\\users\\johnson_zhong\\pycharmprojects\\behavedemo\\venv\\lib\\site-packages\\selenium\\webdriver\\remote\\webdriver.py\", line 320, in execute\n    self.error_handler.check_response(response)\n  File \"c:\\users\\johnson_zhong\\pycharmprojects\\behavedemo\\venv\\lib\\site-packages\\selenium\\webdriver\\remote\\errorhandler.py\", line 242, in check_response\n    raise exception_class(message, screen, stacktrace)\n"}, "attachments": [{"name": "screenshot", "source": "4d17d4b8-ba34-4ab2-9e49-dfee7879dd84-attachment.png", "type": "image/png"}], "start": 1594094883643, "stop": 1594094884280}], "start": 1594094878863, "stop": 1594094886713, "uuid": "a2ea8bae-c2fd-41e1-ae10-11dcf13f48f7", "historyId": "828847bd755f080eb1fdaf1ea16e8c0d", "labels": [{"name": "tag", "value": "login_fail"}, {"name": "tag", "value": "login"}, {"name": "severity", "value": "normal"}, {"name": "feature", "value": "Login & Logout"}, {"name": "framework", "value": "behave"}, {"name": "language", "value": "cpython3"}]}